#0 building with "default" instance using docker driver

#1 [internal] load build definition from Dockerfile
#1 transferring dockerfile: 1.52kB done
#1 DONE 0.0s

#2 [internal] load metadata for docker.io/library/python:3.10-slim
#2 DONE 0.1s

#3 [internal] load .dockerignore
#3 transferring context: 2B done
#3 DONE 0.0s

#4 [ 1/17] FROM docker.io/library/python:3.10-slim@sha256:8666a639a54acc810408e505e2c6b46b50834385701675ee177f578b3d2fdef9
#4 CACHED

#5 [internal] load build context
#5 transferring context: 35B done
#5 DONE 0.0s

#6 [ 2/17] RUN useradd -m -s /bin/bash devpi
#6 DONE 0.7s

#7 [ 3/17] RUN mkdir -p /app/devpi &&     mkdir -p /app/venv &&     chown -R devpi:devpi /app/devpi &&     chown -R devpi:devpi /app/venv
#7 DONE 0.6s

#8 [ 4/17] COPY entrypoint.sh /usr/local/bin/entrypoint.sh
#8 DONE 0.1s

#9 [ 5/17] RUN chmod +x /usr/local/bin/entrypoint.sh
#9 DONE 0.9s

#10 [ 6/17] RUN whoami
#10 0.659 root
#10 DONE 0.7s

#11 [ 7/17] RUN whoami
#11 0.615 devpi
#11 DONE 0.7s

#12 [ 8/17] RUN python3 -m venv /app/venv
#12 DONE 8.5s

#13 [ 9/17] RUN ls -al /
#13 0.671 total 68
#13 0.671 drwxr-xr-x   1 root root 4096 Aug 20 17:47 .
#13 0.671 drwxr-xr-x   1 root root 4096 Aug 20 17:47 ..
#13 0.671 drwxr-xr-x   1 root root 4096 Aug 20 17:46 app
#13 0.671 lrwxrwxrwx   1 root root    7 Aug 12 00:00 bin -> usr/bin
#13 0.671 drwxr-xr-x   2 root root 4096 Mar 29 17:20 boot
#13 0.671 drwxr-xr-x   5 root root  340 Aug 20 17:47 dev
#13 0.671 drwxr-xr-x   1 root root 4096 Aug 20 17:47 etc
#13 0.671 drwxr-xr-x   1 root root 4096 Aug 20 17:46 home
#13 0.671 lrwxrwxrwx   1 root root    7 Aug 12 00:00 lib -> usr/lib
#13 0.671 lrwxrwxrwx   1 root root    9 Aug 12 00:00 lib64 -> usr/lib64
#13 0.671 drwxr-xr-x   2 root root 4096 Aug 12 00:00 media
#13 0.671 drwxr-xr-x   2 root root 4096 Aug 12 00:00 mnt
#13 0.671 drwxr-xr-x   2 root root 4096 Aug 12 00:00 opt
#13 0.671 dr-xr-xr-x 488 root root    0 Aug 20 17:47 proc
#13 0.671 drwx------   1 root root 4096 Aug 13 01:13 root
#13 0.671 drwxr-xr-x   3 root root 4096 Aug 12 00:00 run
#13 0.671 lrwxrwxrwx   1 root root    8 Aug 12 00:00 sbin -> usr/sbin
#13 0.671 drwxr-xr-x   2 root root 4096 Aug 12 00:00 srv
#13 0.671 dr-xr-xr-x  11 root root    0 Aug 20 17:47 sys
#13 0.671 drwxrwxrwt   1 root root 4096 Aug 20 17:47 tmp
#13 0.671 drwxr-xr-x   1 root root 4096 Aug 12 00:00 usr
#13 0.671 drwxr-xr-x   1 root root 4096 Aug 12 00:00 var
#13 DONE 0.7s

#14 [10/17] RUN ls -al /app
#14 0.810 total 20
#14 0.810 drwxr-xr-x 1 root  root  4096 Aug 20 17:46 .
#14 0.810 drwxr-xr-x 1 root  root  4096 Aug 20 17:47 ..
#14 0.810 drwxr-xr-x 2 devpi devpi 4096 Aug 20 17:46 devpi
#14 0.810 drwxr-xr-x 1 devpi devpi 4096 Aug 20 17:46 venv
#14 DONE 0.9s

#15 [11/17] RUN ls -al /app/venv
#15 0.615 total 28
#15 0.615 drwxr-xr-x 1 devpi devpi 4096 Aug 20 17:46 .
#15 0.615 drwxr-xr-x 1 root  root  4096 Aug 20 17:46 ..
#15 0.615 drwxr-xr-x 2 devpi devpi 4096 Aug 20 17:47 bin
#15 0.615 drwxr-xr-x 2 devpi devpi 4096 Aug 20 17:46 include
#15 0.615 drwxr-xr-x 3 devpi devpi 4096 Aug 20 17:46 lib
#15 0.615 lrwxrwxrwx 1 devpi devpi    3 Aug 20 17:46 lib64 -> lib
#15 0.615 -rw-r--r-- 1 devpi devpi   77 Aug 20 17:46 pyvenv.cfg
#15 DONE 0.6s

#16 [12/17] RUN ls -al /app/venv/bin
#16 0.661 total 44
#16 0.661 drwxr-xr-x 2 devpi devpi 4096 Aug 20 17:47 .
#16 0.661 drwxr-xr-x 1 devpi devpi 4096 Aug 20 17:46 ..
#16 0.661 -rw-r--r-- 1 devpi devpi 9033 Aug 20 17:47 Activate.ps1
#16 0.661 -rw-r--r-- 1 devpi devpi 1976 Aug 20 17:47 activate
#16 0.661 -rw-r--r-- 1 devpi devpi  902 Aug 20 17:47 activate.csh
#16 0.661 -rw-r--r-- 1 devpi devpi 2182 Aug 20 17:47 activate.fish
#16 0.661 -rwxr-xr-x 1 devpi devpi  226 Aug 20 17:47 pip
#16 0.661 -rwxr-xr-x 1 devpi devpi  226 Aug 20 17:47 pip3
#16 0.661 -rwxr-xr-x 1 devpi devpi  226 Aug 20 17:47 pip3.10
#16 0.661 lrwxrwxrwx 1 devpi devpi    7 Aug 20 17:46 python -> python3
#16 0.661 lrwxrwxrwx 1 devpi devpi   22 Aug 20 17:46 python3 -> /usr/local/bin/python3
#16 0.661 lrwxrwxrwx 1 devpi devpi    7 Aug 20 17:46 python3.10 -> python3
#16 DONE 0.7s

#17 [13/17] RUN whoami
#17 0.540 devpi
#17 DONE 0.6s

#18 [14/17] RUN sleep 5
#18 DONE 5.8s

#19 [15/17] RUN . /app/venv/bin/activate
#19 DONE 0.6s

#20 [16/17] RUN /app/venv/bin/pip install --no-cache-dir     devpi-server     devpi-client     devpi-web
#20 2.402 Collecting devpi-server
#20 2.505   Downloading devpi_server-6.12.1-py3-none-any.whl (277 kB)
#20 2.542      ━━━━━━━━━━━━━━━━━━━━━━━━━━━━━━━━━━━━━━━ 277.7/277.7 kB 8.4 MB/s eta 0:00:00
#20 2.583 Collecting devpi-client
#20 2.594   Downloading devpi_client-7.1.0-py3-none-any.whl (45 kB)
#20 2.598      ━━━━━━━━━━━━━━━━━━━━━━━━━━━━━━━━━━━━━━━ 45.6/45.6 kB 248.6 MB/s eta 0:00:00
#20 2.635 Collecting devpi-web
#20 2.648   Downloading devpi_web-4.2.2-py3-none-any.whl (86 kB)
#20 2.694      ━━━━━━━━━━━━━━━━━━━━━━━━━━━━━━━━━━━━━━━━ 86.8/86.8 kB 1.8 MB/s eta 0:00:00
#20 2.760 Collecting httpx
#20 2.773   Downloading httpx-0.27.0-py3-none-any.whl (75 kB)
#20 2.783      ━━━━━━━━━━━━━━━━━━━━━━━━━━━━━━━━━━━━━━━━ 75.6/75.6 kB 11.4 MB/s eta 0:00:00
#20 2.817 Collecting pluggy<2.0,>=0.6.0
#20 2.831   Downloading pluggy-1.5.0-py3-none-any.whl (20 kB)
#20 3.586 Collecting ruamel.yaml
#20 3.596   Downloading ruamel.yaml-0.18.6-py3-none-any.whl (117 kB)
#20 3.611      ━━━━━━━━━━━━━━━━━━━━━━━━━━━━━━━━━━━━━━ 117.8/117.8 kB 10.0 MB/s eta 0:00:00
#20 3.646 Collecting devpi-common<5,>3.6.0
#20 3.658   Downloading devpi_common-4.0.4-py3-none-any.whl (16 kB)
#20 3.729 Collecting py>=1.4.23
#20 3.742   Downloading py-1.11.0-py2.py3-none-any.whl (98 kB)
#20 3.753      ━━━━━━━━━━━━━━━━━━━━━━━━━━━━━━━━━━━━━━━━ 98.7/98.7 kB 11.9 MB/s eta 0:00:00
#20 3.777 Collecting defusedxml
#20 3.788   Downloading defusedxml-0.7.1-py2.py3-none-any.whl (25 kB)
#20 3.823 Collecting waitress>=1.0.1
#20 3.835   Downloading waitress-3.0.0-py3-none-any.whl (56 kB)
#20 3.842      ━━━━━━━━━━━━━━━━━━━━━━━━━━━━━━━━━━━━━━━━ 56.7/56.7 kB 12.5 MB/s eta 0:00:00
#20 3.861 Collecting lazy
#20 3.876   Downloading lazy-1.6-py2.py3-none-any.whl (5.2 kB)
#20 3.931 Collecting pyramid>=2
#20 3.945   Downloading pyramid-2.0.2-py3-none-any.whl (247 kB)
#20 3.974      ━━━━━━━━━━━━━━━━━━━━━━━━━━━━━━━━━━━━━━━ 247.3/247.3 kB 9.0 MB/s eta 0:00:00
#20 4.000 Collecting itsdangerous>=0.24
#20 4.011   Downloading itsdangerous-2.2.0-py3-none-any.whl (16 kB)
#20 4.026 Collecting repoze.lru>=0.6
#20 4.038   Downloading repoze.lru-0.7-py3-none-any.whl (10 kB)
#20 4.082 Collecting attrs>=22.2.0
#20 4.093   Downloading attrs-24.2.0-py3-none-any.whl (63 kB)
#20 4.110      ━━━━━━━━━━━━━━━━━━━━━━━━━━━━━━━━━━━━━━━━ 63.0/63.0 kB 48.3 MB/s eta 0:00:00
#20 4.140 Collecting strictyaml
#20 4.154   Downloading strictyaml-1.7.3-py3-none-any.whl (123 kB)
#20 4.171      ━━━━━━━━━━━━━━━━━━━━━━━━━━━━━━━━━━━━━━ 123.9/123.9 kB 10.7 MB/s eta 0:00:00
#20 4.209 Collecting passlib[argon2]
#20 4.223   Downloading passlib-1.7.4-py2.py3-none-any.whl (525 kB)
#20 4.343      ━━━━━━━━━━━━━━━━━━━━━━━━━━━━━━━━━━━━━━━ 525.6/525.6 kB 5.2 MB/s eta 0:00:00
#20 4.455 Collecting platformdirs
#20 4.469   Downloading platformdirs-4.2.2-py3-none-any.whl (18 kB)
#20 4.581 Collecting argon2-cffi
#20 4.594   Downloading argon2_cffi-23.1.0-py3-none-any.whl (15 kB)
#20 4.649 Collecting pkginfo>=1.4.2
#20 4.662   Downloading pkginfo-1.11.1-py3-none-any.whl (31 kB)
#20 4.682 Collecting iniconfig
#20 4.696   Downloading iniconfig-2.0.0-py3-none-any.whl (5.9 kB)
#20 4.729 Collecting tomli
#20 4.745   Downloading tomli-2.0.1-py3-none-any.whl (12 kB)
#20 4.792 Collecting build>=0.7.0
#20 4.807   Downloading build-1.2.1-py3-none-any.whl (21 kB)
#20 4.848 Collecting check-manifest>=0.28
#20 4.861   Downloading check_manifest-0.49-py3-none-any.whl (20 kB)
#20 4.916 Collecting readme-renderer[md]>=23.0
#20 4.932   Downloading readme_renderer-44.0-py3-none-any.whl (13 kB)
#20 4.948 Collecting pyramid-chameleon
#20 4.960   Downloading pyramid_chameleon-0.3.tar.gz (28 kB)
#20 4.979   Preparing metadata (setup.py): started
#20 5.954   Preparing metadata (setup.py): finished with status 'done'
#20 6.003 Collecting pygments>=1.6
#20 6.015   Downloading pygments-2.18.0-py3-none-any.whl (1.2 MB)
#20 6.129      ━━━━━━━━━━━━━━━━━━━━━━━━━━━━━━━━━━━━━━━━ 1.2/1.2 MB 10.9 MB/s eta 0:00:00
#20 6.176 Collecting docutils>=0.11
#20 6.189   Downloading docutils-0.21.2-py3-none-any.whl (587 kB)
#20 6.236      ━━━━━━━━━━━━━━━━━━━━━━━━━━━━━━━━━━━━━━ 587.4/587.4 kB 13.5 MB/s eta 0:00:00
#20 6.339 Collecting Whoosh<3
#20 6.353   Downloading Whoosh-2.7.4-py2.py3-none-any.whl (468 kB)
#20 6.387      ━━━━━━━━━━━━━━━━━━━━━━━━━━━━━━━━━━━━━━ 468.8/468.8 kB 14.9 MB/s eta 0:00:00
#20 6.436 Collecting beautifulsoup4!=4.12.1,>=4.3.2
#20 6.448   Downloading beautifulsoup4-4.12.3-py3-none-any.whl (147 kB)
#20 6.465      ━━━━━━━━━━━━━━━━━━━━━━━━━━━━━━━━━━━━━━ 147.9/147.9 kB 12.2 MB/s eta 0:00:00
#20 6.606 Collecting soupsieve>1.2
#20 6.617   Downloading soupsieve-2.6-py3-none-any.whl (36 kB)
#20 6.688 Collecting pyproject_hooks
#20 6.700   Downloading pyproject_hooks-1.1.0-py3-none-any.whl (9.2 kB)
#20 6.746 Collecting packaging>=19.1
#20 6.759   Downloading packaging-24.1-py3-none-any.whl (53 kB)
#20 6.762      ━━━━━━━━━━━━━━━━━━━━━━━━━━━━━━━━━━━━━━━ 54.0/54.0 kB 210.6 MB/s eta 0:00:00
#20 6.783 Requirement already satisfied: setuptools in /app/venv/lib/python3.10/site-packages (from check-manifest>=0.28->devpi-client) (65.5.0)
#20 6.806 Collecting packaging-legacy
#20 6.818   Downloading packaging_legacy-23.0.post0-py3-none-any.whl (8.2 kB)
#20 6.964 Collecting requests>=2.3.0
#20 6.994   Downloading requests-2.32.3-py3-none-any.whl (64 kB)
#20 7.005      ━━━━━━━━━━━━━━━━━━━━━━━━━━━━━━━━━━━━━━━━ 64.9/64.9 kB 95.2 MB/s eta 0:00:00
#20 7.185 Collecting zope.deprecation>=3.5.0
#20 7.203   Downloading zope.deprecation-5.0-py3-none-any.whl (10 kB)
#20 7.232 Collecting plaster
#20 7.244   Downloading plaster-1.1.2-py2.py3-none-any.whl (11 kB)
#20 7.265 Collecting translationstring>=0.4
#20 7.280   Downloading translationstring-1.4-py2.py3-none-any.whl (15 kB)
#20 7.303 Collecting venusian>=1.0
#20 7.315   Downloading venusian-3.1.0-py3-none-any.whl (13 kB)
#20 7.370 Collecting hupper>=1.5
#20 7.384   Downloading hupper-1.12.1-py3-none-any.whl (22 kB)
#20 7.745 Collecting zope.interface>=3.8.0
#20 7.758   Downloading zope.interface-7.0.1-cp310-cp310-manylinux_2_5_x86_64.manylinux1_x86_64.manylinux_2_17_x86_64.manylinux2014_x86_64.whl (254 kB)
#20 7.787      ━━━━━━━━━━━━━━━━━━━━━━━━━━━━━━━━━━━━━━ 254.1/254.1 kB 10.2 MB/s eta 0:00:00
#20 7.833 Collecting webob>=1.8.3
#20 7.845   Downloading WebOb-1.8.8-py2.py3-none-any.whl (115 kB)
#20 7.864      ━━━━━━━━━━━━━━━━━━━━━━━━━━━━━━━━━━━━━━━ 115.3/115.3 kB 8.7 MB/s eta 0:00:00
#20 7.894 Collecting plaster-pastedeploy
#20 7.905   Downloading plaster_pastedeploy-1.0.1-py2.py3-none-any.whl (7.8 kB)
#20 8.026 Collecting nh3>=0.2.14
#20 8.041   Downloading nh3-0.2.18-cp37-abi3-manylinux_2_17_x86_64.manylinux2014_x86_64.whl (769 kB)
#20 8.145      ━━━━━━━━━━━━━━━━━━━━━━━━━━━━━━━━━━━━━━━ 769.2/769.2 kB 7.6 MB/s eta 0:00:00
#20 8.451 Collecting cmarkgfm>=0.8.0
#20 8.464   Downloading cmarkgfm-2024.1.14-cp310-cp310-manylinux_2_17_x86_64.manylinux2014_x86_64.whl (444 kB)
#20 8.514      ━━━━━━━━━━━━━━━━━━━━━━━━━━━━━━━━━━━━━━━ 444.8/444.8 kB 9.8 MB/s eta 0:00:00
#20 8.696 Collecting argon2-cffi-bindings
#20 8.707   Downloading argon2_cffi_bindings-21.2.0-cp36-abi3-manylinux_2_17_x86_64.manylinux2014_x86_64.whl (86 kB)
#20 8.716      ━━━━━━━━━━━━━━━━━━━━━━━━━━━━━━━━━━━━━━━━ 86.2/86.2 kB 16.1 MB/s eta 0:00:00
#20 8.800 Collecting anyio
#20 8.812   Downloading anyio-4.4.0-py3-none-any.whl (86 kB)
#20 8.819      ━━━━━━━━━━━━━━━━━━━━━━━━━━━━━━━━━━━━━━━━ 86.8/86.8 kB 19.6 MB/s eta 0:00:00
#20 8.837 Collecting sniffio
#20 8.849   Downloading sniffio-1.3.1-py3-none-any.whl (10 kB)
#20 8.890 Collecting certifi
#20 8.902   Downloading certifi-2024.7.4-py3-none-any.whl (162 kB)
#20 8.917      ━━━━━━━━━━━━━━━━━━━━━━━━━━━━━━━━━━━━━━ 163.0/163.0 kB 13.4 MB/s eta 0:00:00
#20 8.947 Collecting idna
#20 8.958   Downloading idna-3.7-py3-none-any.whl (66 kB)
#20 8.967      ━━━━━━━━━━━━━━━━━━━━━━━━━━━━━━━━━━━━━━━━ 66.8/66.8 kB 11.0 MB/s eta 0:00:00
#20 9.011 Collecting httpcore==1.*
#20 9.021   Downloading httpcore-1.0.5-py3-none-any.whl (77 kB)
#20 9.030      ━━━━━━━━━━━━━━━━━━━━━━━━━━━━━━━━━━━━━━━━ 77.9/77.9 kB 19.1 MB/s eta 0:00:00
#20 9.063 Collecting h11<0.15,>=0.13
#20 9.076   Downloading h11-0.14.0-py3-none-any.whl (58 kB)
#20 9.080      ━━━━━━━━━━━━━━━━━━━━━━━━━━━━━━━━━━━━━━━ 58.3/58.3 kB 218.2 MB/s eta 0:00:00
#20 9.178 Collecting Chameleon
#20 9.190   Downloading Chameleon-4.5.4-py3-none-any.whl (88 kB)
#20 9.200      ━━━━━━━━━━━━━━━━━━━━━━━━━━━━━━━━━━━━━━━━ 88.2/88.2 kB 13.3 MB/s eta 0:00:00
#20 9.284 Collecting ruamel.yaml.clib>=0.2.7
#20 9.298   Downloading ruamel.yaml.clib-0.2.8-cp310-cp310-manylinux_2_17_x86_64.manylinux2014_x86_64.manylinux_2_24_x86_64.whl (526 kB)
#20 9.347      ━━━━━━━━━━━━━━━━━━━━━━━━━━━━━━━━━━━━━━ 526.7/526.7 kB 11.2 MB/s eta 0:00:00
#20 9.386 Collecting python-dateutil>=2.6.0
#20 9.396   Downloading python_dateutil-2.9.0.post0-py2.py3-none-any.whl (229 kB)
#20 9.416      ━━━━━━━━━━━━━━━━━━━━━━━━━━━━━━━━━━━━━━ 229.9/229.9 kB 13.7 MB/s eta 0:00:00
#20 9.941 Collecting cffi>=1.15.0
#20 9.952   Downloading cffi-1.17.0-cp310-cp310-manylinux_2_17_x86_64.manylinux2014_x86_64.whl (445 kB)
#20 9.992      ━━━━━━━━━━━━━━━━━━━━━━━━━━━━━━━━━━━━━━ 445.9/445.9 kB 12.2 MB/s eta 0:00:00
#20 10.05 Collecting six>=1.5
#20 10.06   Downloading six-1.16.0-py2.py3-none-any.whl (11 kB)
#20 10.29 Collecting charset-normalizer<4,>=2
#20 10.30   Downloading charset_normalizer-3.3.2-cp310-cp310-manylinux_2_17_x86_64.manylinux2014_x86_64.whl (142 kB)
#20 10.31      ━━━━━━━━━━━━━━━━━━━━━━━━━━━━━━━━━━━━━━ 142.1/142.1 kB 18.5 MB/s eta 0:00:00
#20 10.41 Collecting urllib3<3,>=1.21.1
#20 10.42   Downloading urllib3-2.2.2-py3-none-any.whl (121 kB)
#20 10.43      ━━━━━━━━━━━━━━━━━━━━━━━━━━━━━━━━━━━━━━ 121.4/121.4 kB 24.5 MB/s eta 0:00:00
#20 10.66 Collecting exceptiongroup>=1.0.2
#20 10.67   Downloading exceptiongroup-1.2.2-py3-none-any.whl (16 kB)
#20 10.71 Collecting typing-extensions>=4.1
#20 10.72   Downloading typing_extensions-4.12.2-py3-none-any.whl (37 kB)
#20 10.85 Collecting PasteDeploy>=2.0
#20 10.86   Downloading PasteDeploy-3.1.0-py3-none-any.whl (16 kB)
#20 10.95 Collecting pycparser
#20 10.96   Downloading pycparser-2.22-py3-none-any.whl (117 kB)
#20 10.97      ━━━━━━━━━━━━━━━━━━━━━━━━━━━━━━━━━━━━━━ 117.6/117.6 kB 13.4 MB/s eta 0:00:00
#20 11.77 Installing collected packages: Whoosh, translationstring, repoze.lru, passlib, nh3, zope.interface, zope.deprecation, webob, waitress, venusian, urllib3, typing-extensions, tomli, soupsieve, sniffio, six, ruamel.yaml.clib, pyproject_hooks, pygments, pycparser, py, pluggy, platformdirs, plaster, pkginfo, PasteDeploy, packaging, lazy, itsdangerous, iniconfig, idna, hupper, h11, exceptiongroup, docutils, defusedxml, charset-normalizer, Chameleon, certifi, attrs, ruamel.yaml, requests, readme-renderer, python-dateutil, plaster-pastedeploy, packaging-legacy, httpcore, cffi, build, beautifulsoup4, anyio, strictyaml, pyramid, httpx, devpi-common, cmarkgfm, check-manifest, argon2-cffi-bindings, pyramid-chameleon, devpi-client, argon2-cffi, devpi-server, devpi-web
#20 17.46   DEPRECATION: pyramid-chameleon is being installed using the legacy 'setup.py install' method, because it does not have a 'pyproject.toml' and the 'wheel' package is not installed. pip 23.1 will enforce this behaviour change. A possible replacement is to enable the '--use-pep517' option. Discussion can be found at https://github.com/pypa/pip/issues/8559
#20 17.46   Running setup.py install for pyramid-chameleon: started
#20 18.58   Running setup.py install for pyramid-chameleon: finished with status 'done'
#20 19.25 Successfully installed Chameleon-4.5.4 PasteDeploy-3.1.0 Whoosh-2.7.4 anyio-4.4.0 argon2-cffi-23.1.0 argon2-cffi-bindings-21.2.0 attrs-24.2.0 beautifulsoup4-4.12.3 build-1.2.1 certifi-2024.7.4 cffi-1.17.0 charset-normalizer-3.3.2 check-manifest-0.49 cmarkgfm-2024.1.14 defusedxml-0.7.1 devpi-client-7.1.0 devpi-common-4.0.4 devpi-server-6.12.1 devpi-web-4.2.2 docutils-0.21.2 exceptiongroup-1.2.2 h11-0.14.0 httpcore-1.0.5 httpx-0.27.0 hupper-1.12.1 idna-3.7 iniconfig-2.0.0 itsdangerous-2.2.0 lazy-1.6 nh3-0.2.18 packaging-24.1 packaging-legacy-23.0.post0 passlib-1.7.4 pkginfo-1.11.1 plaster-1.1.2 plaster-pastedeploy-1.0.1 platformdirs-4.2.2 pluggy-1.5.0 py-1.11.0 pycparser-2.22 pygments-2.18.0 pyproject_hooks-1.1.0 pyramid-2.0.2 pyramid-chameleon-0.3 python-dateutil-2.9.0.post0 readme-renderer-44.0 repoze.lru-0.7 requests-2.32.3 ruamel.yaml-0.18.6 ruamel.yaml.clib-0.2.8 six-1.16.0 sniffio-1.3.1 soupsieve-2.6 strictyaml-1.7.3 tomli-2.0.1 translationstring-1.4 typing-extensions-4.12.2 urllib3-2.2.2 venusian-3.1.0 waitress-3.0.0 webob-1.8.8 zope.deprecation-5.0 zope.interface-7.0.1
#20 19.43 
#20 19.43 [notice] A new release of pip is available: 23.0.1 -> 24.2
#20 19.43 [notice] To update, run: python3 -m pip install --upgrade pip
#20 DONE 19.8s

#21 [17/17] WORKDIR /app/devpi
#21 DONE 0.1s

#22 exporting to image
#22 exporting layers
#22 exporting layers 0.9s done
#22 writing image sha256:abf11524bc6962ecca4b2f368aaa77d13418dce17071791b424851ececb5adee done
#22 naming to docker.io/mpdocker2024/devpi:latest done
#22 DONE 0.9s
